[19:27:08] [ServerMain/INFO]: [bootstrap] Running Java 21 (OpenJDK 64-Bit Server VM 21.0.7+6-Ubuntu-0ubuntu120.04; Ubuntu null) on Linux 6.8.0-1027-azure (amd64)
[19:27:08] [ServerMain/INFO]: [bootstrap] Loading Paper 1.21.3-63-master@4190ee7 (2024-11-25T18:59:19Z) for Minecraft 1.21.3
[19:27:08] [ServerMain/INFO]: [PluginInitializerManager] Initializing plugins...
[19:27:08] [ServerMain/INFO]: [PluginInitializerManager] Initialized 4 plugins
[19:27:08] [ServerMain/INFO]: [PluginInitializerManager] Bukkit plugins (4):
 - Geyser-Spigot (2.7.1-SNAPSHOT), SkinsRestorer (15.6.3), ViaVersion (5.3.2), floodgate (2.2.4-SNAPSHOT (b116-0e3163c))
[19:27:12] [ServerMain/INFO]: Environment: Environment[sessionHost=https://sessionserver.mojang.com, servicesHost=https://api.minecraftservices.com, name=PROD]
[19:27:14] [ServerMain/INFO]: Loaded 1337 recipes
[19:27:14] [ServerMain/INFO]: Loaded 1448 advancements
[19:27:14] [Server thread/INFO]: Starting minecraft server version 1.21.3
[19:27:14] [Server thread/INFO]: Loading properties
[19:27:14] [Server thread/INFO]: This server is running Paper version 1.21.3-63-master@4190ee7 (2024-11-25T18:59:19Z) (Implementing API version 1.21.3-R0.1-SNAPSHOT)
[19:27:14] [Server thread/INFO]: [spark] This server bundles the spark profiler. For more information please visit https://docs.papermc.io/paper/profiling
[19:27:15] [Server thread/INFO]: Server Ping Player Sample Count: 12
[19:27:15] [Server thread/INFO]: Using 4 threads for Netty based IO
[19:27:15] [Server thread/INFO]: [MoonriseCommon] Paper is using 1 worker threads, 1 I/O threads
[19:27:15] [Server thread/INFO]: [ChunkTaskScheduler] Chunk system is using population gen parallelism: true
[19:27:16] [Server thread/INFO]: Default game type: SURVIVAL
[19:27:16] [Server thread/INFO]: Generating keypair
[19:27:16] [Server thread/INFO]: Starting Minecraft server on *:25565
[19:27:17] [Server thread/INFO]: Using epoll channel type
[19:27:17] [Server thread/INFO]: Paper: Using libdeflate (Linux x86_64) compression from Velocity.
[19:27:17] [Server thread/INFO]: Paper: Using OpenSSL 1.1.x (Linux x86_64) cipher from Velocity.
[19:27:18] [Server thread/INFO]: [floodgate] Loading server plugin floodgate v2.2.4-SNAPSHOT (b116-0e3163c)
[19:27:18] [Server thread/WARN]: [floodgate] en_ is not a supported Floodgate language.
[19:27:18] [Server thread/INFO]: [floodgate] Took 877ms to boot Floodgate
[19:27:18] [Server thread/INFO]: [ViaVersion] Loading server plugin ViaVersion v5.3.2
[19:27:18] [Server thread/INFO]: [ViaVersion] ViaVersion 5.3.2 is now loaded. Registering protocol transformers and injecting...
[19:27:19] [Via-Mappingloader-0/INFO]: [ViaVersion] Loading block connection mappings ...
[19:27:19] [Via-Mappingloader-0/INFO]: [ViaVersion] Using FastUtil Long2ObjectOpenHashMap for block connections
[19:27:20] [Server thread/INFO]: [SkinsRestorer] Loading server plugin SkinsRestorer v15.6.3
[19:27:20] [Server thread/INFO]: [Geyser-Spigot] Loading server plugin Geyser-Spigot v2.7.1-SNAPSHOT
[19:27:20] [Server thread/INFO]: [Geyser-Spigot] Loading extensions...
[19:27:20] [Server thread/INFO]: [Geyser-Spigot] Loaded 0 extension(s)
[19:27:20] [Server thread/INFO]: Server permissions file permissions.yml is empty, ignoring it
[19:27:20] [Server thread/INFO]: [SkinsRestorer] Enabling SkinsRestorer v15.6.3
[19:27:21] [Server thread/INFO]: [SkinsRestorer] Running on Minecraft 1.21.3.
[19:27:21] [Server thread/INFO]: [SkinsRestorer] Floodgate skin listener registered
[19:27:21] [Server thread/INFO]: [SkinsRestorer] Using paper join listener!
[19:27:22] [Server thread/WARN]: **** SERVER IS RUNNING IN OFFLINE/INSECURE MODE!
[19:27:22] [Server thread/WARN]: The server will make no attempt to authenticate usernames. Beware.
[19:27:22] [Server thread/WARN]: While this makes the game possible to play without internet access, it also opens up the ability for hackers to connect with any username they choose.
[19:27:22] [Server thread/WARN]: To change this, set "online-mode" to "true" in the server.properties file.
[19:27:22] [Server thread/INFO]: Preparing level "world"
[19:27:22] [Folia Async Scheduler Thread #1/INFO]: [SkinsRestorer] ----------------------------------------------
[19:27:22] [Folia Async Scheduler Thread #1/INFO]: [SkinsRestorer]     +==================+
[19:27:22] [Folia Async Scheduler Thread #1/INFO]: [SkinsRestorer]     |   SkinsRestorer  |
[19:27:22] [Folia Async Scheduler Thread #1/INFO]: [SkinsRestorer]     |------------------|
[19:27:22] [Folia Async Scheduler Thread #1/INFO]: [SkinsRestorer]     |  Standalone Mode |
[19:27:22] [Folia Async Scheduler Thread #1/INFO]: [SkinsRestorer]     +==================+
[19:27:22] [Folia Async Scheduler Thread #1/INFO]: [SkinsRestorer] ----------------------------------------------
[19:27:22] [Folia Async Scheduler Thread #1/INFO]: [SkinsRestorer]     Version: 15.6.3
[19:27:22] [Folia Async Scheduler Thread #1/INFO]: [SkinsRestorer]     Commit: 7eb6dc6
[19:27:22] [Folia Async Scheduler Thread #1/INFO]: [SkinsRestorer]     This is the latest version!
[19:27:22] [Folia Async Scheduler Thread #1/INFO]: [SkinsRestorer] ----------------------------------------------
[19:27:22] [Folia Async Scheduler Thread #1/INFO]: [SkinsRestorer] Do you have issues? Read our troubleshooting guide: https://skinsrestorer.net/docs/troubleshooting
[19:27:22] [Folia Async Scheduler Thread #1/INFO]: [SkinsRestorer] Want to support SkinsRestorer? Consider donating: https://skinsrestorer.net/donate
[19:27:22] [Server thread/INFO]: Preparing start region for dimension minecraft:overworld
[19:27:22] [Server thread/INFO]: Preparing spawn area: 0%
[19:27:23] [Paper Common Worker #0/INFO]: [MCTypeRegistry] Initialising converters for DataConverter...
[19:27:23] [Paper Common Worker #0/INFO]: [MCTypeRegistry] Finished initialising converters for DataConverter in 319.3ms
[19:27:23] [Server thread/INFO]: Preparing spawn area: 2%
[19:27:23] [Server thread/INFO]: Preparing spawn area: 8%
[19:27:23] [Server thread/INFO]: Time elapsed: 1364 ms
[19:27:23] [Server thread/INFO]: Preparing start region for dimension minecraft:the_nether
[19:27:23] [Server thread/INFO]: Preparing spawn area: 0%
[19:27:24] [Server thread/INFO]: Time elapsed: 309 ms
[19:27:24] [Server thread/INFO]: Preparing start region for dimension minecraft:the_end
[19:27:24] [Server thread/INFO]: Preparing spawn area: 0%
[19:27:24] [Server thread/INFO]: Time elapsed: 108 ms
[19:27:24] [Server thread/INFO]: [floodgate] Enabling floodgate v2.2.4-SNAPSHOT (b116-0e3163c)
[19:27:24] [Server thread/INFO]: [ViaVersion] Enabling ViaVersion v5.3.2
[19:27:24] [Server thread/INFO]: [ViaVersion] ViaVersion detected server version: 1.21.2-1.21.3 (768)
[19:27:24] [Server thread/INFO]: [Geyser-Spigot] Enabling Geyser-Spigot v2.7.1-SNAPSHOT
[19:27:25] [Server thread/INFO]: [spark] Starting background profiler...
[19:27:25] [Server thread/INFO]: [Geyser-Spigot] ******************************************
[19:27:25] [Server thread/INFO]: [Geyser-Spigot] 
[19:27:25] [Server thread/INFO]: [Geyser-Spigot] Loading Geyser version 2.7.1-b833 (git-master-d0be6d9)
[19:27:25] [Server thread/INFO]: [Geyser-Spigot] 
[19:27:25] [Server thread/INFO]: [Geyser-Spigot] ******************************************
[19:27:29] [epollEventLoopGroup-3-2/INFO]: [Geyser-Spigot] Started Geyser on UDP port 3360
[19:27:29] [Server thread/INFO]: [Geyser-Spigot] Done (4.468s)! Run /geyser help for help!
[19:27:29] [Server thread/INFO]: Done preparing level "world" (7.912s)
[19:27:29] [Server thread/INFO]: Running delayed init tasks
[19:27:29] [Server thread/INFO]: Done (22.458s)! For help, type "help"
[19:27:29] [Craft Scheduler Thread - 2 - ViaVersion/INFO]: [ViaVersion] Finished mapping loading, shutting down loader executor.
[19:28:03] [epollEventLoopGroup-4-1/INFO]: [Geyser-Spigot] Player connected with username BrayanJudo27
[19:28:03] [localSession-7-2/INFO]: [Geyser-Spigot] BrayanJudo27 (logged in as: BrayanJudo27) has connected to the Java server
[19:28:03] [Server thread/INFO]: [floodgate] Floodgate player logged in as .BrayanJudo27 joined (UUID: 00000000-0000-0000-0009-01f7d00eb760)
[19:28:04] [Server thread/INFO]: .BrayanJudo27 joined the game
[19:28:04] [Server thread/INFO]: .BrayanJudo27[/127.0.0.1:0] logged in with entity id 30 at ([world]-838.5, 63.0, 1.5)
[19:28:21] [Server thread/INFO]: .BrayanJudo27 was slain by Zombie
[19:28:37] [epollEventLoopGroup-4-1/INFO]: [Geyser-Spigot] BrayanJudo27 has disconnected from the Java server because of Bedrock client timed out
[19:28:37] [Geyser Spigot connection thread-6-3/INFO]: [floodgate] Floodgate player logged in as .BrayanJudo27 disconnected
[19:28:37] [Server thread/INFO]: .BrayanJudo27 lost connection: Disconnected
[19:28:37] [Server thread/INFO]: .BrayanJudo27 left the game
[19:29:37] [Server thread/INFO]: Server empty for 60 seconds, pausing
[19:29:45] [Server thread/INFO]: Stopping the server
[19:29:45] [Server thread/INFO]: Stopping server
[19:29:45] [Server thread/INFO]: [Geyser-Spigot] Disabling Geyser-Spigot v2.7.1-SNAPSHOT
[19:29:45] [Server thread/INFO]: [Geyser-Spigot] Shutting down Geyser.
[19:29:45] [Server thread/INFO]: [Geyser-Spigot] Geyser shutdown successfully.
[19:29:45] [Server thread/INFO]: [SkinsRestorer] Disabling SkinsRestorer v15.6.3
[19:29:45] [Server thread/INFO]: [ViaVersion] Disabling ViaVersion v5.3.2
[19:29:45] [Server thread/INFO]: [ViaVersion] ViaVersion has been disabled; uninjected the platform and shut down the scheduler.
[19:29:45] [Server thread/INFO]: [floodgate] Disabling floodgate v2.2.4-SNAPSHOT (b116-0e3163c)
[19:29:45] [Server thread/INFO]: Saving players
[19:29:45] [Server thread/INFO]: Saving worlds
[19:29:45] [Server thread/INFO]: Saving chunks for level 'ServerLevel[world]'/minecraft:overworld
[19:29:45] [Server thread/INFO]: [ChunkHolderManager] Waiting 60s for chunk system to halt for world 'world'
[19:29:45] [Server thread/INFO]: [ChunkHolderManager] Halted chunk system for world 'world'
[19:29:45] [Server thread/INFO]: [ChunkHolderManager] Saving all chunkholders for world 'world'
[19:29:45] [WebSocketConnectReadThread-95/INFO]: [Geyser-Spigot] The skin uploader has been closed
[19:29:45] [Server thread/INFO]: [ChunkHolderManager] Saved 46 block chunks, 94 entity chunks, 0 poi chunks in world 'world' in 0.13s
[19:29:45] [Server thread/INFO]: [ChunkHolderManager] Waiting 60s for chunk I/O to halt for world 'world'
[19:29:45] [Server thread/INFO]: [ChunkHolderManager] Halted I/O scheduler for world 'world'
[19:29:45] [Server thread/INFO]: Saving chunks for level 'ServerLevel[world_nether]'/minecraft:the_nether
[19:29:45] [Server thread/INFO]: [ChunkHolderManager] Waiting 60s for chunk system to halt for world 'world_nether'
[19:29:45] [Server thread/INFO]: [ChunkHolderManager] Halted chunk system for world 'world_nether'
[19:29:45] [Server thread/INFO]: [ChunkHolderManager] Saving all chunkholders for world 'world_nether'
[19:29:45] [Server thread/INFO]: [ChunkHolderManager] Saved 0 block chunks, 3 entity chunks, 0 poi chunks in world 'world_nether' in 0.01s
[19:29:45] [Server thread/INFO]: [ChunkHolderManager] Waiting 60s for chunk I/O to halt for world 'world_nether'
[19:29:45] [Server thread/INFO]: [ChunkHolderManager] Halted I/O scheduler for world 'world_nether'
[19:29:45] [Server thread/INFO]: Saving chunks for level 'ServerLevel[world_the_end]'/minecraft:the_end
[19:29:45] [Server thread/INFO]: [ChunkHolderManager] Waiting 60s for chunk system to halt for world 'world_the_end'
[19:29:45] [Server thread/INFO]: [ChunkHolderManager] Halted chunk system for world 'world_the_end'
[19:29:45] [Server thread/INFO]: [ChunkHolderManager] Saving all chunkholders for world 'world_the_end'
[19:29:45] [Server thread/INFO]: [ChunkHolderManager] Saved 0 block chunks, 10 entity chunks, 0 poi chunks in world 'world_the_end' in 0.01s
[19:29:45] [Server thread/INFO]: [ChunkHolderManager] Waiting 60s for chunk I/O to halt for world 'world_the_end'
[19:29:45] [Server thread/INFO]: [ChunkHolderManager] Halted I/O scheduler for world 'world_the_end'
[19:29:45] [Server thread/INFO]: ThreadedAnvilChunkStorage (world): All chunks are saved
[19:29:45] [Server thread/INFO]: ThreadedAnvilChunkStorage (DIM-1): All chunks are saved
[19:29:45] [Server thread/INFO]: ThreadedAnvilChunkStorage (DIM1): All chunks are saved
[19:29:45] [Server thread/INFO]: ThreadedAnvilChunkStorage: All dimensions are saved
[19:29:45] [Server thread/INFO]: Waiting for I/O tasks to complete...
[19:29:45] [Server thread/INFO]: All I/O tasks to complete
[19:29:45] [Server thread/INFO]: [MoonriseCommon] Awaiting termination of worker pool for up to 60s...
[19:29:45] [Server thread/INFO]: [MoonriseCommon] Awaiting termination of I/O pool for up to 60s...
